<?xml version="1.0" encoding="UTF-8"?>
<testng-results ignored="0" total="2" passed="2" failed="0" skipped="0">
  <reporter-output>
  </reporter-output>
  <suite started-at="2024-01-11T10:17:58 IST" name="Default suite" finished-at="2024-01-11T10:17:58 IST" duration-ms="154">
    <groups>
    </groups>
    <test started-at="2024-01-11T10:17:58 IST" name="Default test" finished-at="2024-01-11T10:17:58 IST" duration-ms="154">
      <class name="NewTest">
        <test-method signature="testcase1()[pri:0, instance:NewTest@759d26fb]" started-at="2024-01-11T10:17:58 IST" name="testcase1" finished-at="2024-01-11T10:17:58 IST" duration-ms="22" status="PASS">
          <reporter-output>
          </reporter-output>
        </test-method> <!-- testcase1 -->
        <test-method signature="testcase2()[pri:0, instance:NewTest@759d26fb]" started-at="2024-01-11T10:17:58 IST" name="testcase2" finished-at="2024-01-11T10:17:58 IST" duration-ms="2" status="PASS">
          <reporter-output>
          </reporter-output>
        </test-method> <!-- testcase2 -->
      </class> <!-- NewTest -->
    </test> <!-- Default test -->
  </suite> <!-- Default suite -->
</testng-results>
